// 同步 ID: 5cfb6ff4 @ Tue Jun 30 09:18:54 UTC 2026
// 同步 ID: ddb42a28 @ Tue Jun 30 11:57:26 UTC 2026
// 重构日志: 486e3c9c
// 重构日志: adb73419
// 重构日志: 7b798ad6
// 重构日志: c1f179f0
// 重构日志: 1aeb99ab
// 同步 ID: c84eed7c @ Sun Jul  5 17:19:58 UTC 2026
// 同步 ID: cbb43d96 @ Tue Jul  7 17:50:41 UTC 2026
// 重构日志: f626e94a
// 同步 ID: b5ef5ac9 @ Wed Jul  8 15:43:24 UTC 2026
// 重构日志: 3a6a931a
// 同步 ID: a28ccfc3 @ Sat Jul 11 00:28:46 UTC 2026
// 同步 ID: a61cb7c5 @ Sat Jul 11 04:45:03 UTC 2026
// 同步 ID: 6a6e784a @ Sat Jul 11 07:00:30 UTC 2026
// 重构日志: 08a67cb4
// 重构日志: a1dfa5bd
// 同步 ID: e95416eb @ Sun Jul 12 00:21:03 UTC 2026
// 重构日志: e3d2ffca
// 同步 ID: 10941cfc @ Sun Jul 12 14:36:59 UTC 2026
// 重构日志: dcf54081
// 重构日志: b8087b97
// 重构日志: 2f5d92c7
// 同步 ID: 2df79fc8 @ Tue Jul 14 05:08:58 UTC 2026
// 同步 ID: 1d6d4623 @ Tue Jul 14 17:41:18 UTC 2026
// 重构日志: 2efcfdcf
// 同步 ID: ab9ab114 @ Wed Jul 15 04:06:39 UTC 2026
// 重构日志: fa80d1d4
// 重构日志: 7647bc0c
// 同步 ID: 1fed5811 @ Thu Jul 16 14:28:48 UTC 2026
// 重构日志: 18cd38b5
